{"log":"/ # \u001b[6n\r/ # \u001b[J\r/ # \u001b[Jps\r\n","stream":"stdout","time":"2025-02-01T16:48:04.352080777Z"}
{"log":"PID   USER     TIME  COMMAND\r\n","stream":"stdout","time":"2025-02-01T16:48:04.38271163Z"}
{"log":"    1 root      0:00 nginx: master process nginx -g daemon off;\r\n","stream":"stdout","time":"2025-02-01T16:48:04.382784016Z"}
{"log":"    7 101       0:00 nginx: worker process\r\n","stream":"stdout","time":"2025-02-01T16:48:04.382978871Z"}
{"log":"    8 root      0:00 /bin/sh\r\n","stream":"stdout","time":"2025-02-01T16:48:04.383001413Z"}
{"log":"   14 root      0:00 ps\r\n","stream":"stdout","time":"2025-02-01T16:48:04.383058681Z"}
{"log":"/ # \u001b[6nls -la /proc/7/root/etc/nginx/\u0008\u0008\u0008\u0008\u0008\u0008\u0008\u0008\u0008\u0008\u0008\u0008\u0008\u0008\u0008\u0008\u0008/root/etc/nginx/\u001b[J\u001b[16D1/root/etc/nginx/\u001b[16D/root/etc/nginx/\r\n","stream":"stdout","time":"2025-02-01T16:48:54.920682799Z"}
{"log":"total 40\r\n","stream":"stdout","time":"2025-02-01T16:48:54.921812388Z"}
{"log":"drwxr-xr-x    1 root     root           182 Oct  5  2020 \u001b[1;34m.\u001b[m\r\n","stream":"stdout","time":"2025-02-01T16:48:54.921870427Z"}
{"log":"drwxr-xr-x    1 root     root            56 Feb  1 16:47 \u001b[1;34m..\u001b[m\r\n","stream":"stdout","time":"2025-02-01T16:48:54.921880917Z"}
{"log":"drwxr-xr-x    1 root     root            24 Oct  5  2020 \u001b[1;34mconf.d\u001b[m\r\n","stream":"stdout","time":"2025-02-01T16:48:54.921888551Z"}
{"log":"-rw-r--r--    1 root     root          1007 Apr 21  2020 \u001b[0;0mfastcgi_params\u001b[m\r\n","stream":"stdout","time":"2025-02-01T16:48:54.921897057Z"}
{"log":"-rw-r--r--    1 root     root          2837 Apr 21  2020 \u001b[0;0mkoi-utf\u001b[m\r\n","stream":"stdout","time":"2025-02-01T16:48:54.921905022Z"}
{"log":"-rw-r--r--    1 root     root          2223 Apr 21  2020 \u001b[0;0mkoi-win\u001b[m\r\n","stream":"stdout","time":"2025-02-01T16:48:54.921910773Z"}
{"log":"-rw-r--r--    1 root     root          5231 Apr 21  2020 \u001b[0;0mmime.types\u001b[m\r\n","stream":"stdout","time":"2025-02-01T16:48:54.921918237Z"}
{"log":"lrwxrwxrwx    1 root     root            22 Apr 21  2020 \u001b[1;36mmodules\u001b[m -\u003e \u001b[1;31m/usr/lib/nginx/modules\u001b[m\r\n","stream":"stdout","time":"2025-02-01T16:48:54.922062177Z"}
{"log":"-rw-r--r--    1 root     root           643 Apr 21  2020 \u001b[0;0mnginx.conf\u001b[m\r\n","stream":"stdout","time":"2025-02-01T16:48:54.922081613Z"}
{"log":"-rw-r--r--    1 root     root           636 Apr 21  2020 \u001b[0;0mscgi_params\u001b[m\r\n","stream":"stdout","time":"2025-02-01T16:48:54.92209078Z"}
{"log":"-rw-r--r--    1 root     root           664 Apr 21  2020 \u001b[0;0muwsgi_params\u001b[m\r\n","stream":"stdout","time":"2025-02-01T16:48:54.922097984Z"}
{"log":"-rw-r--r--    1 root     root          3610 Apr 21  2020 \u001b[0;0mwin-utf\u001b[m\r\n","stream":"stdout","time":"2025-02-01T16:48:54.922104887Z"}
{"log":"/ # \u001b[6n\u001b[H\u001b[J\r/ # \u001b[J\r/ # \u001b[J\r/ # \u001b[Japk a\u0008\u001b[J\u0008\u001b[J\u0008\u001b[J\u0008\u001b[J\u0008\u001b[Japk add tcpdump'='\u0008\u001b[J\u0008\u001b[J\u0008\u001b[J\r\n","stream":"stdout","time":"2025-02-01T16:49:42.557471062Z"}
{"log":"fetch https://dl-cdn.alpinelinux.org/alpine/v3.21/main/x86_64/APKINDEX.tar.gz\r\n","stream":"stdout","time":"2025-02-01T16:49:42.585090897Z"}
{"log":"fetch https://dl-cdn.alpinelinux.org/alpine/v3.21/community/x86_64/APKINDEX.tar.gz\r\n","stream":"stdout","time":"2025-02-01T16:49:43.015634583Z"}
{"log":"(1/2) Installing libpcap (1.10.5-r0)\r\n","stream":"stdout","time":"2025-02-01T16:49:43.4804816Z"}
{"log":"\u001b7  0%                                                                                                                                                                                                                                                                                                                                                       \u001b8\u001b[0K(2/2) Installing tcpdump (4.99.5-r0)\r\n","stream":"stdout","time":"2025-02-01T16:49:43.55546415Z"}
{"log":"\u001b7 21% #########################################################################                                                                                                                                                                                                                                                                             \u001b8\u001b[0K\u001b7100% ######################################################################################################################################################################################################################################################################################################################################################\u001b8\u001b[0KExecuting busybox-1.37.0-r9.trigger\r\n","stream":"stdout","time":"2025-02-01T16:49:43.646353646Z"}
{"log":"OK: 8 MiB in 17 packages\r\n","stream":"stdout","time":"2025-02-01T16:49:43.667368533Z"}
{"log":"/ # \u001b[6ntcpdump -nn -i any -e port 80\r\n","stream":"stdout","time":"2025-02-01T16:49:58.540024643Z"}
{"log":"tcpdump: WARNING: any: That device doesn't support promiscuous mode\r\n","stream":"stdout","time":"2025-02-01T16:49:58.555263355Z"}
{"log":"(Promiscuous mode not supported on the \"any\" device)\r\n","stream":"stdout","time":"2025-02-01T16:49:58.555296548Z"}
{"log":"tcpdump: verbose output suppressed, use -v[v]... for full protocol decode\r\n","stream":"stdout","time":"2025-02-01T16:49:58.555582714Z"}
{"log":"listening on any, link-type LINUX_SLL2 (Linux cooked v2), snapshot length 262144 bytes\r\n","stream":"stdout","time":"2025-02-01T16:49:58.555600478Z"}
{"log":"16:50:04.656540 lo    In  ifindex 1 00:00:00:00:00:00 ethertype IPv4 (0x0800), length 80: 127.0.0.1.60158 \u003e 127.0.0.1.80: Flags [S], seq 4024524898, win 65495, options [mss 65495,sackOK,TS val 3457367752 ecr 0,nop,wscale 7], length 0\r\n","stream":"stdout","time":"2025-02-01T16:50:04.678259654Z"}
{"log":"16:50:04.656550 lo    In  ifindex 1 00:00:00:00:00:00 ethertype IPv4 (0x0800), length 80: 127.0.0.1.80 \u003e 127.0.0.1.60158: Flags [S.], seq 791456190, ack 4024524899, win 65483, options [mss 65495,sackOK,TS val 3457367752 ecr 3457367752,nop,wscale 7], length 0\r\n","stream":"stdout","time":"2025-02-01T16:50:04.678291614Z"}
{"log":"16:50:04.656558 lo    In  ifindex 1 00:00:00:00:00:00 ethertype IPv4 (0x0800), length 72: 127.0.0.1.60158 \u003e 127.0.0.1.80: Flags [.], ack 1, win 512, options [nop,nop,TS val 3457367752 ecr 3457367752], length 0\r\n","stream":"stdout","time":"2025-02-01T16:50:04.678301392Z"}
{"log":"16:50:04.656593 lo    In  ifindex 1 00:00:00:00:00:00 ethertype IPv4 (0x0800), length 149: 127.0.0.1.60158 \u003e 127.0.0.1.80: Flags [P.], seq 1:78, ack 1, win 512, options [nop,nop,TS val 3457367752 ecr 3457367752], length 77: HTTP: GET / HTTP/1.1\r\n","stream":"stdout","time":"2025-02-01T16:50:04.678309257Z"}
{"log":"16:50:04.656598 lo    In  ifindex 1 00:00:00:00:00:00 ethertype IPv4 (0x0800), length 72: 127.0.0.1.80 \u003e 127.0.0.1.60158: Flags [.], ack 78, win 511, options [nop,nop,TS val 3457367752 ecr 3457367752], length 0\r\n","stream":"stdout","time":"2025-02-01T16:50:04.678314717Z"}
{"log":"16:50:04.656850 lo    In  ifindex 1 00:00:00:00:00:00 ethertype IPv4 (0x0800), length 310: 127.0.0.1.80 \u003e 127.0.0.1.60158: Flags [P.], seq 1:239, ack 78, win 512, options [nop,nop,TS val 3457367752 ecr 3457367752], length 238: HTTP: HTTP/1.1 200 OK\r\n","stream":"stdout","time":"2025-02-01T16:50:04.678322011Z"}
{"log":"16:50:04.656860 lo    In  ifindex 1 00:00:00:00:00:00 ethertype IPv4 (0x0800), length 72: 127.0.0.1.60158 \u003e 127.0.0.1.80: Flags [.], ack 239, win 511, options [nop,nop,TS val 3457367752 ecr 3457367752], length 0\r\n","stream":"stdout","time":"2025-02-01T16:50:04.67832708Z"}
{"log":"16:50:04.656896 lo    In  ifindex 1 00:00:00:00:00:00 ethertype IPv4 (0x0800), length 684: 127.0.0.1.80 \u003e 127.0.0.1.60158: Flags [P.], seq 239:851, ack 78, win 512, options [nop,nop,TS val 3457367752 ecr 3457367752], length 612: HTTP\r\n","stream":"stdout","time":"2025-02-01T16:50:04.678331939Z"}
{"log":"16:50:04.656903 lo    In  ifindex 1 00:00:00:00:00:00 ethertype IPv4 (0x0800), length 72: 127.0.0.1.60158 \u003e 127.0.0.1.80: Flags [.], ack 851, win 507, options [nop,nop,TS val 3457367752 ecr 3457367752], length 0\r\n","stream":"stdout","time":"2025-02-01T16:50:04.678350073Z"}
{"log":"16:50:04.657540 lo    In  ifindex 1 00:00:00:00:00:00 ethertype IPv4 (0x0800), length 72: 127.0.0.1.60158 \u003e 127.0.0.1.80: Flags [F.], seq 78, ack 851, win 507, options [nop,nop,TS val 3457367753 ecr 3457367752], length 0\r\n","stream":"stdout","time":"2025-02-01T16:50:04.678373788Z"}
{"log":"16:50:04.657583 lo    In  ifindex 1 00:00:00:00:00:00 ethertype IPv4 (0x0800), length 72: 127.0.0.1.80 \u003e 127.0.0.1.60158: Flags [F.], seq 851, ack 79, win 512, options [nop,nop,TS val 3457367753 ecr 3457367753], length 0\r\n","stream":"stdout","time":"2025-02-01T16:50:04.678387574Z"}
{"log":"16:50:04.657594 lo    In  ifindex 1 00:00:00:00:00:00 ethertype IPv4 (0x0800), length 72: 127.0.0.1.60158 \u003e 127.0.0.1.80: Flags [.], ack 852, win 507, options [nop,nop,TS val 3457367753 ecr 3457367753], length 0\r\n","stream":"stdout","time":"2025-02-01T16:50:04.678394236Z"}
{"log":"16:50:44.206965 lo    In  ifindex 1 00:00:00:00:00:00 ethertype IPv4 (0x0800), length 80: 127.0.0.1.33700 \u003e 127.0.0.1.80: Flags [S], seq 1099162134, win 65495, options [mss 65495,sackOK,TS val 3457407303 ecr 0,nop,wscale 7], length 0\r\n","stream":"stdout","time":"2025-02-01T16:50:44.302308787Z"}
{"log":"16:50:44.206976 lo    In  ifindex 1 00:00:00:00:00:00 ethertype IPv4 (0x0800), length 80: 127.0.0.1.80 \u003e 127.0.0.1.33700: Flags [S.], seq 3985766476, ack 1099162135, win 65483, options [mss 65495,sackOK,TS val 3457407303 ecr 3457407303,nop,wscale 7], length 0\r\n","stream":"stdout","time":"2025-02-01T16:50:44.302354963Z"}
{"log":"16:50:44.206985 lo    In  ifindex 1 00:00:00:00:00:00 ethertype IPv4 (0x0800), length 72: 127.0.0.1.33700 \u003e 127.0.0.1.80: Flags [.], ack 1, win 512, options [nop,nop,TS val 3457407303 ecr 3457407303], length 0\r\n","stream":"stdout","time":"2025-02-01T16:50:44.302371003Z"}
{"log":"16:50:44.207024 lo    In  ifindex 1 00:00:00:00:00:00 ethertype IPv4 (0x0800), length 149: 127.0.0.1.33700 \u003e 127.0.0.1.80: Flags [P.], seq 1:78, ack 1, win 512, options [nop,nop,TS val 3457407303 ecr 3457407303], length 77: HTTP: GET / HTTP/1.1\r\n","stream":"stdout","time":"2025-02-01T16:50:44.302389147Z"}
{"log":"16:50:44.207029 lo    In  ifindex 1 00:00:00:00:00:00 ethertype IPv4 (0x0800), length 72: 127.0.0.1.80 \u003e 127.0.0.1.33700: Flags [.], ack 78, win 511, options [nop,nop,TS val 3457407303 ecr 3457407303], length 0\r\n","stream":"stdout","time":"2025-02-01T16:50:44.30240131Z"}
{"log":"16:50:44.207115 lo    In  ifindex 1 00:00:00:00:00:00 ethertype IPv4 (0x0800), length 310: 127.0.0.1.80 \u003e 127.0.0.1.33700: Flags [P.], seq 1:239, ack 78, win 512, options [nop,nop,TS val 3457407303 ecr 3457407303], length 238: HTTP: HTTP/1.1 200 OK\r\n","stream":"stdout","time":"2025-02-01T16:50:44.30241172Z"}
{"log":"16:50:44.207125 lo    In  ifindex 1 00:00:00:00:00:00 ethertype IPv4 (0x0800), length 72: 127.0.0.1.33700 \u003e 127.0.0.1.80: Flags [.], ack 239, win 511, options [nop,nop,TS val 3457407303 ecr 3457407303], length 0\r\n","stream":"stdout","time":"2025-02-01T16:50:44.302424454Z"}
{"log":"16:50:44.207143 lo    In  ifindex 1 00:00:00:00:00:00 ethertype IPv4 (0x0800), length 684: 127.0.0.1.80 \u003e 127.0.0.1.33700: Flags [P.], seq 239:851, ack 78, win 512, options [nop,nop,TS val 3457407303 ecr 3457407303], length 612: HTTP\r\n","stream":"stdout","time":"2025-02-01T16:50:44.302433821Z"}
{"log":"16:50:44.207150 lo    In  ifindex 1 00:00:00:00:00:00 ethertype IPv4 (0x0800), length 72: 127.0.0.1.33700 \u003e 127.0.0.1.80: Flags [.], ack 851, win 507, options [nop,nop,TS val 3457407303 ecr 3457407303], length 0\r\n","stream":"stdout","time":"2025-02-01T16:50:44.302442628Z"}
{"log":"16:50:44.207794 lo    In  ifindex 1 00:00:00:00:00:00 ethertype IPv4 (0x0800), length 72: 127.0.0.1.33700 \u003e 127.0.0.1.80: Flags [F.], seq 78, ack 851, win 507, options [nop,nop,TS val 3457407303 ecr 3457407303], length 0\r\n","stream":"stdout","time":"2025-02-01T16:50:44.30245469Z"}
{"log":"16:50:44.207817 lo    In  ifindex 1 00:00:00:00:00:00 ethertype IPv4 (0x0800), length 72: 127.0.0.1.80 \u003e 127.0.0.1.33700: Flags [F.], seq 851, ack 79, win 512, options [nop,nop,TS val 3457407303 ecr 3457407303], length 0\r\n","stream":"stdout","time":"2025-02-01T16:50:44.302542976Z"}
{"log":"16:50:44.207828 lo    In  ifindex 1 00:00:00:00:00:00 ethertype IPv4 (0x0800), length 72: 127.0.0.1.33700 \u003e 127.0.0.1.80: Flags [.], ack 852, win 507, options [nop,nop,TS val 3457407303 ecr 3457407303], length 0\r\n","stream":"stdout","time":"2025-02-01T16:50:44.302559016Z"}
{"log":"^C\r\n","stream":"stdout","time":"2025-02-01T16:51:16.148695215Z"}
{"log":"24 packets captured\r\n","stream":"stdout","time":"2025-02-01T16:51:16.148717456Z"}
{"log":"48 packets received by filter\r\n","stream":"stdout","time":"2025-02-01T16:51:16.14872488Z"}
{"log":"0 packets dropped by kernel\r\n","stream":"stdout","time":"2025-02-01T16:51:16.148730721Z"}
{"log":"/ # \u001b[6n^C\r\n","stream":"stdout","time":"2025-02-01T16:51:40.288494973Z"}
{"log":"\r\n","stream":"stdout","time":"2025-02-01T16:51:40.288531181Z"}
{"log":"/ # \u001b[6n\r\n","stream":"stdout","time":"2025-02-01T16:51:41.760358051Z"}
